<?xml version="1.0" encoding="UTF-8" ?>
<testsuite tests="2" failures="0" name="com.maven.project.wallpaper.AppTest" time="0.002" errors="0" skipped="0">
  <properties>
    <property name="java.runtime.name" value="Java(TM) SE Runtime Environment"/>
    <property name="java.vm.version" value="14.0.1+7"/>
    <property name="sun.boot.library.path" value="c:\Java14\bin"/>
    <property name="maven.multiModuleProjectDirectory" value="D:\_prog\eclipse_java_study\WallpaperCalculation"/>
    <property name="java.vm.vendor" value="Oracle Corporation"/>
    <property name="java.vendor.url" value="https://java.oracle.com/"/>
    <property name="guice.disable.misplaced.annotation.check" value="true"/>
    <property name="path.separator" value=";"/>
    <property name="java.vm.name" value="Java HotSpot(TM) 64-Bit Server VM"/>
    <property name="sun.os.patch.level" value="Service Pack 1"/>
    <property name="user.script" value=""/>
    <property name="user.country" value="RU"/>
    <property name="sun.java.launcher" value="SUN_STANDARD"/>
    <property name="java.vm.specification.name" value="Java Virtual Machine Specification"/>
    <property name="user.dir" value="D:\_prog\eclipse_java_study\WallpaperCalculation"/>
    <property name="java.vm.compressedOopsMode" value="32-bit"/>
    <property name="java.runtime.version" value="14.0.1+7"/>
    <property name="os.arch" value="amd64"/>
    <property name="java.io.tmpdir" value="c:\temp\"/>
    <property name="line.separator" value="
"/>
    <property name="java.vm.specification.vendor" value="Oracle Corporation"/>
    <property name="user.variant" value=""/>
    <property name="os.name" value="Windows 7"/>
    <property name="classworlds.conf" value="C:\maven\bin\..\bin\m2.conf"/>
    <property name="sun.jnu.encoding" value="Cp1251"/>
    <property name="java.library.path" value="c:\Java14\bin;C:\Windows\Sun\Java\bin;C:\Windows\system32;C:\Windows;c:/Java14/bin/server;c:/Java14/bin;C:\Program Files\Broadcom\Broadcom 802.11 Network Adapter\Driver;C:\Windows\system32;C:\Windows;C:\Windows\System32\Wbem;C:\Windows\System32\WindowsPowerShell\v1.0\;C:\Program Files (x86)\Intel\OpenCL SDK\2.0\bin\x86;C:\Program Files (x86)\Intel\OpenCL SDK\2.0\bin\x64;C:\Program Files\Lenovo\Bluetooth Software\;C:\Program Files\Lenovo\Bluetooth Software\syswow64;c:\Java14\bin;c:\Program Files (x86)\Common Files\Acronis\VirtualFile\;c:\Program Files (x86)\Common Files\Acronis\VirtualFile64\;c:\Program Files (x86)\Common Files\Acronis\SnapAPI\;C:\maven\bin;C:\Program Files\nodejs\;C:\Program Files\Git\cmd;C:\Program Files\jEdit;d:\postgres\PostgreSQL\14\bin;c:\keycloak\bin;C:\Python\Python37\Scripts\;C:\Python\Python37\;C:\Python\Python38\Scripts\;C:\Python\Python38\;C:\Program Files (x86)\OpenVPN\bin;C:\Users\Maksim\AppData\Roaming\npm;D:\ProgramFiles\Microsoft VS Code\bin;D:\ProgramFiles\PyCharm 2020.1\bin;;d:\postgres\PostgreSQL\14\bin;c:\keycloak\bin;C:\Users\Maksim\Desktop;;."/>
    <property name="maven.conf" value="C:\maven\bin\../conf"/>
    <property name="jdk.debug" value="release"/>
    <property name="java.class.version" value="58.0"/>
    <property name="java.specification.name" value="Java Platform API Specification"/>
    <property name="sun.management.compiler" value="HotSpot 64-Bit Tiered Compilers"/>
    <property name="os.version" value="6.1"/>
    <property name="library.jansi.path" value="C:\maven\bin\..\lib\jansi-native"/>
    <property name="user.home" value="C:\Users\Maksim"/>
    <property name="user.timezone" value="GMT+03:00"/>
    <property name="file.encoding" value="Cp1251"/>
    <property name="java.specification.version" value="14"/>
    <property name="user.name" value="Maksim"/>
    <property name="java.class.path" value="C:\maven\bin\..\boot\plexus-classworlds-2.6.0.jar"/>
    <property name="java.vm.specification.version" value="14"/>
    <property name="sun.arch.data.model" value="64"/>
    <property name="sun.java.command" value="org.codehaus.plexus.classworlds.launcher.Launcher package"/>
    <property name="java.home" value="c:\Java14"/>
    <property name="user.language" value="ru"/>
    <property name="java.specification.vendor" value="Oracle Corporation"/>
    <property name="java.vm.info" value="mixed mode, sharing"/>
    <property name="java.version" value="14.0.1"/>
    <property name="java.vendor" value="Oracle Corporation"/>
    <property name="sun.stderr.encoding" value="cp866"/>
    <property name="maven.home" value="C:\maven\bin\.."/>
    <property name="file.separator" value="\"/>
    <property name="java.version.date" value="2020-04-14"/>
    <property name="java.vendor.url.bug" value="https://bugreport.java.com/bugreport/"/>
    <property name="sun.io.unicode.encoding" value="UnicodeLittle"/>
    <property name="sun.cpu.endian" value="little"/>
    <property name="sun.stdout.encoding" value="cp866"/>
    <property name="sun.cpu.isalist" value="amd64"/>
  </properties>
  <testcase classname="com.maven.project.wallpaper.AppTest" name="getCountRollBiggerZero" time="0.002"/>
  <testcase classname="com.maven.project.wallpaper.AppTest" name="squareCalcShouldEquals" time="0"/>
</testsuite>